
*** Running vivado
    with args -log nbyn_full.vdi -applog -m64 -messageDb vivado.pb -mode batch -source nbyn_full.tcl -notrace


****** Vivado v2015.4 (64-bit)
  **** SW Build 1412921 on Wed Nov 18 09:43:45 MST 2015
  **** IP Build 1412160 on Tue Nov 17 13:47:24 MST 2015
    ** Copyright 1986-2015 Xilinx, Inc. All Rights Reserved.

source nbyn_full.tcl -notrace
Design is defaulting to srcset: sources_1
Design is defaulting to constrset: constrs_1
INFO: [Netlist 29-17] Analyzing 4241 Unisim elements for replacement
INFO: [Netlist 29-28] Unisim Transformation completed in 1 CPU seconds
INFO: [Project 1-479] Netlist was created with Vivado 2015.4
INFO: [Device 21-403] Loading part xc7vx690tffg1761-2
INFO: [Project 1-570] Preparing netlist for logic optimization
Parsing XDC File [D:/mygit/NocProject/hw/Vivado/project_noc.srcs/constrs_1/new/noc.xdc]
Finished Parsing XDC File [D:/mygit/NocProject/hw/Vivado/project_noc.srcs/constrs_1/new/noc.xdc]
INFO: [Opt 31-138] Pushed 0 inverter(s) to 0 load pin(s).
INFO: [Project 1-111] Unisim Transformation Summary:
No Unisim elements were transformed.

link_design: Time (s): cpu = 00:00:19 ; elapsed = 00:00:21 . Memory (MB): peak = 726.926 ; gain = 521.227
Command: opt_design
Attempting to get a license for feature 'Implementation' and/or device 'xc7vx690t'
INFO: [Common 17-349] Got license for feature 'Implementation' and/or device 'xc7vx690t'
Running DRC as a precondition to command opt_design

Starting DRC Task
INFO: [DRC 23-27] Running DRC with 2 threads
INFO: [Project 1-461] DRC finished with 0 Errors
INFO: [Project 1-462] Please refer to the DRC report (report_drc) for more information.

Time (s): cpu = 00:00:01 ; elapsed = 00:00:00.385 . Memory (MB): peak = 726.926 ; gain = 0.000
INFO: [Timing 38-35] Done setting XDC timing constraints.

Starting Logic Optimization Task
Implement Debug Cores | Checksum: f090679c

Phase 1 Retarget
INFO: [Opt 31-138] Pushed 0 inverter(s) to 0 load pin(s).
INFO: [Opt 31-49] Retargeted 0 cell(s).
Phase 1 Retarget | Checksum: f090679c

Time (s): cpu = 00:00:03 ; elapsed = 00:00:02 . Memory (MB): peak = 1419.469 ; gain = 0.000

Phase 2 Constant Propagation
INFO: [Opt 31-138] Pushed 0 inverter(s) to 0 load pin(s).
INFO: [Opt 31-10] Eliminated 0 cells.
Phase 2 Constant Propagation | Checksum: f090679c

Time (s): cpu = 00:00:05 ; elapsed = 00:00:04 . Memory (MB): peak = 1419.469 ; gain = 0.000

Phase 3 Sweep
INFO: [Opt 31-12] Eliminated 0 unconnected nets.
INFO: [Opt 31-11] Eliminated 0 unconnected cells.
Phase 3 Sweep | Checksum: f090679c

Time (s): cpu = 00:00:08 ; elapsed = 00:00:08 . Memory (MB): peak = 1419.469 ; gain = 0.000

Starting Connectivity Check Task

Time (s): cpu = 00:00:00 ; elapsed = 00:00:00.110 . Memory (MB): peak = 1419.469 ; gain = 0.000
Ending Logic Optimization Task | Checksum: f090679c

Time (s): cpu = 00:00:08 ; elapsed = 00:00:08 . Memory (MB): peak = 1419.469 ; gain = 0.000

Starting Power Optimization Task
INFO: [Pwropt 34-132] Skipping clock gating for clocks with a period < 2.00 ns.
Ending Power Optimization Task | Checksum: f090679c

Time (s): cpu = 00:00:00 ; elapsed = 00:00:00.067 . Memory (MB): peak = 1419.469 ; gain = 0.000
INFO: [Common 17-83] Releasing license: Implementation
20 Infos, 0 Warnings, 0 Critical Warnings and 0 Errors encountered.
opt_design completed successfully
opt_design: Time (s): cpu = 00:00:33 ; elapsed = 00:00:33 . Memory (MB): peak = 1419.469 ; gain = 692.543
write_checkpoint: Time (s): cpu = 00:00:11 ; elapsed = 00:00:09 . Memory (MB): peak = 1419.469 ; gain = 0.000
INFO: [DRC 23-27] Running DRC with 2 threads
INFO: [Coretcl 2-168] The results of DRC are in file D:/mygit/NocProject/hw/Vivado/project_noc.runs/impl_1/nbyn_full_drc_opted.rpt.
report_drc: Time (s): cpu = 00:00:20 ; elapsed = 00:00:13 . Memory (MB): peak = 1419.469 ; gain = 0.000
INFO: [Vivado_Tcl 4-424] Cannot write hardware definition file as there are no IPI block design hardware handoff files present
Command: place_design
Attempting to get a license for feature 'Implementation' and/or device 'xc7vx690t'
INFO: [Common 17-349] Got license for feature 'Implementation' and/or device 'xc7vx690t'
INFO: [DRC 23-27] Running DRC with 2 threads
INFO: [Vivado_Tcl 4-198] DRC finished with 0 Errors
INFO: [Vivado_Tcl 4-199] Please refer to the DRC report (report_drc) for more information.
Running DRC as a precondition to command place_design
INFO: [DRC 23-27] Running DRC with 2 threads
INFO: [Vivado_Tcl 4-198] DRC finished with 0 Errors
INFO: [Vivado_Tcl 4-199] Please refer to the DRC report (report_drc) for more information.

Starting Placer Task
INFO: [Place 30-611] Multithreading enabled for place_design using a maximum of 2 CPUs

Phase 1 Placer Initialization
Netlist sorting complete. Time (s): cpu = 00:00:00 ; elapsed = 00:00:00.047 . Memory (MB): peak = 1419.469 ; gain = 0.000
Netlist sorting complete. Time (s): cpu = 00:00:00 ; elapsed = 00:00:00.045 . Memory (MB): peak = 1419.469 ; gain = 0.000

Phase 1.1 IO Placement/ Clock Placement/ Build Placer Device

Phase 1.1.1 Pre-Place Cells
Phase 1.1.1 Pre-Place Cells | Checksum: 00000000

Time (s): cpu = 00:00:01 ; elapsed = 00:00:00.499 . Memory (MB): peak = 1419.469 ; gain = 0.000
ERROR: [Place 30-415] IO Placement failed due to overutilization. This design contains 8497 I/O ports
 while the target  device: 7vx690t package: ffg1761, contains only 850 available user I/O. The target device has 850 usable I/O pins of which 0 are already occupied by user-locked I/Os.
 To rectify this issue:
 1. Ensure you are targeting the correct device and package.  Select a larger device or different package if necessary.
 2. Check the top-level ports of the design to ensure the correct number of ports are specified.
 3. Consider design changes to reduce the number of I/Os necessary.
INFO: [Timing 38-35] Done setting XDC timing constraints.

Phase 1.1.2 IO and Clk Clean Up
ERROR: [Place 30-68] Instance clk_IBUF_BUFG_inst (BUFG) is not placed
ERROR: [Place 30-68] Instance clk_IBUF_inst (IBUF) is not placed
ERROR: [Place 30-68] Instance r_data_pe_IBUF[0]_inst (IBUF) is not placed
ERROR: [Place 30-68] Instance r_data_pe_IBUF[1000]_inst (IBUF) is not placed
ERROR: [Place 30-68] Instance r_data_pe_IBUF[1001]_inst (IBUF) is not placed
ERROR: [Place 30-68] Instance r_data_pe_IBUF[1002]_inst (IBUF) is not placed
ERROR: [Place 30-68] Instance r_data_pe_IBUF[1003]_inst (IBUF) is not placed
ERROR: [Place 30-68] Instance r_data_pe_IBUF[1004]_inst (IBUF) is not placed
ERROR: [Place 30-68] Instance r_data_pe_IBUF[1005]_inst (IBUF) is not placed
ERROR: [Place 30-68] Instance r_data_pe_IBUF[1006]_inst (IBUF) is not placed
ERROR: [Place 30-68] Instance r_data_pe_IBUF[1007]_inst (IBUF) is not placed
ERROR: [Place 30-68] Instance r_data_pe_IBUF[1008]_inst (IBUF) is not placed
ERROR: [Place 30-68] Instance r_data_pe_IBUF[1009]_inst (IBUF) is not placed
ERROR: [Place 30-68] Instance r_data_pe_IBUF[100]_inst (IBUF) is not placed
ERROR: [Place 30-68] Instance r_data_pe_IBUF[1010]_inst (IBUF) is not placed
ERROR: [Place 30-68] Instance r_data_pe_IBUF[1011]_inst (IBUF) is not placed
ERROR: [Place 30-68] Instance r_data_pe_IBUF[1012]_inst (IBUF) is not placed
ERROR: [Place 30-68] Instance r_data_pe_IBUF[1013]_inst (IBUF) is not placed
ERROR: [Place 30-68] Instance r_data_pe_IBUF[1014]_inst (IBUF) is not placed
ERROR: [Place 30-68] Instance r_data_pe_IBUF[1015]_inst (IBUF) is not placed
ERROR: [Place 30-68] Instance r_data_pe_IBUF[1016]_inst (IBUF) is not placed
ERROR: [Place 30-68] Instance r_data_pe_IBUF[1017]_inst (IBUF) is not placed
ERROR: [Place 30-68] Instance r_data_pe_IBUF[1018]_inst (IBUF) is not placed
ERROR: [Place 30-68] Instance r_data_pe_IBUF[1019]_inst (IBUF) is not placed
ERROR: [Place 30-68] Instance r_data_pe_IBUF[101]_inst (IBUF) is not placed
ERROR: [Place 30-68] Instance r_data_pe_IBUF[1020]_inst (IBUF) is not placed
ERROR: [Place 30-68] Instance r_data_pe_IBUF[1021]_inst (IBUF) is not placed
ERROR: [Place 30-68] Instance r_data_pe_IBUF[1022]_inst (IBUF) is not placed
ERROR: [Place 30-68] Instance r_data_pe_IBUF[1023]_inst (IBUF) is not placed
ERROR: [Place 30-68] Instance r_data_pe_IBUF[1024]_inst (IBUF) is not placed
ERROR: [Place 30-68] Instance r_data_pe_IBUF[1025]_inst (IBUF) is not placed
ERROR: [Place 30-68] Instance r_data_pe_IBUF[1026]_inst (IBUF) is not placed
ERROR: [Place 30-68] Instance r_data_pe_IBUF[1027]_inst (IBUF) is not placed
ERROR: [Place 30-68] Instance r_data_pe_IBUF[1028]_inst (IBUF) is not placed
ERROR: [Place 30-68] Instance r_data_pe_IBUF[1029]_inst (IBUF) is not placed
ERROR: [Place 30-68] Instance r_data_pe_IBUF[102]_inst (IBUF) is not placed
ERROR: [Place 30-68] Instance r_data_pe_IBUF[1030]_inst (IBUF) is not placed
ERROR: [Place 30-68] Instance r_data_pe_IBUF[1031]_inst (IBUF) is not placed
ERROR: [Place 30-68] Instance r_data_pe_IBUF[1032]_inst (IBUF) is not placed
ERROR: [Place 30-68] Instance r_data_pe_IBUF[1033]_inst (IBUF) is not placed
ERROR: [Place 30-68] Instance r_data_pe_IBUF[1034]_inst (IBUF) is not placed
ERROR: [Place 30-68] Instance r_data_pe_IBUF[1035]_inst (IBUF) is not placed
ERROR: [Place 30-68] Instance r_data_pe_IBUF[1036]_inst (IBUF) is not placed
ERROR: [Place 30-68] Instance r_data_pe_IBUF[1037]_inst (IBUF) is not placed
ERROR: [Place 30-68] Instance r_data_pe_IBUF[1038]_inst (IBUF) is not placed
ERROR: [Place 30-68] Instance r_data_pe_IBUF[1039]_inst (IBUF) is not placed
ERROR: [Place 30-68] Instance r_data_pe_IBUF[103]_inst (IBUF) is not placed
ERROR: [Place 30-68] Instance r_data_pe_IBUF[1040]_inst (IBUF) is not placed
ERROR: [Place 30-68] Instance r_data_pe_IBUF[1041]_inst (IBUF) is not placed
ERROR: [Place 30-68] Instance r_data_pe_IBUF[1042]_inst (IBUF) is not placed
ERROR: [Place 30-68] Instance r_data_pe_IBUF[1043]_inst (IBUF) is not placed
ERROR: [Place 30-68] Instance r_data_pe_IBUF[1044]_inst (IBUF) is not placed
ERROR: [Place 30-68] Instance r_data_pe_IBUF[1045]_inst (IBUF) is not placed
ERROR: [Place 30-68] Instance r_data_pe_IBUF[1046]_inst (IBUF) is not placed
ERROR: [Place 30-68] Instance r_data_pe_IBUF[1047]_inst (IBUF) is not placed
ERROR: [Place 30-68] Instance r_data_pe_IBUF[1048]_inst (IBUF) is not placed
ERROR: [Place 30-68] Instance r_data_pe_IBUF[1049]_inst (IBUF) is not placed
ERROR: [Place 30-68] Instance r_data_pe_IBUF[104]_inst (IBUF) is not placed
ERROR: [Place 30-68] Instance r_data_pe_IBUF[1050]_inst (IBUF) is not placed
ERROR: [Place 30-68] Instance r_data_pe_IBUF[1051]_inst (IBUF) is not placed
ERROR: [Place 30-68] Instance r_data_pe_IBUF[1052]_inst (IBUF) is not placed
ERROR: [Place 30-68] Instance r_data_pe_IBUF[1053]_inst (IBUF) is not placed
ERROR: [Place 30-68] Instance r_data_pe_IBUF[1054]_inst (IBUF) is not placed
ERROR: [Place 30-68] Instance r_data_pe_IBUF[1055]_inst (IBUF) is not placed
ERROR: [Place 30-68] Instance r_data_pe_IBUF[1056]_inst (IBUF) is not placed
ERROR: [Place 30-68] Instance r_data_pe_IBUF[1057]_inst (IBUF) is not placed
ERROR: [Place 30-68] Instance r_data_pe_IBUF[1058]_inst (IBUF) is not placed
ERROR: [Place 30-68] Instance r_data_pe_IBUF[1059]_inst (IBUF) is not placed
ERROR: [Place 30-68] Instance r_data_pe_IBUF[105]_inst (IBUF) is not placed
ERROR: [Place 30-68] Instance r_data_pe_IBUF[1060]_inst (IBUF) is not placed
ERROR: [Place 30-68] Instance r_data_pe_IBUF[1061]_inst (IBUF) is not placed
ERROR: [Place 30-68] Instance r_data_pe_IBUF[1062]_inst (IBUF) is not placed
ERROR: [Place 30-68] Instance r_data_pe_IBUF[1063]_inst (IBUF) is not placed
ERROR: [Place 30-68] Instance r_data_pe_IBUF[1064]_inst (IBUF) is not placed
ERROR: [Place 30-68] Instance r_data_pe_IBUF[1065]_inst (IBUF) is not placed
ERROR: [Place 30-68] Instance r_data_pe_IBUF[1066]_inst (IBUF) is not placed
ERROR: [Place 30-68] Instance r_data_pe_IBUF[1067]_inst (IBUF) is not placed
ERROR: [Place 30-68] Instance r_data_pe_IBUF[1068]_inst (IBUF) is not placed
ERROR: [Place 30-68] Instance r_data_pe_IBUF[1069]_inst (IBUF) is not placed
ERROR: [Place 30-68] Instance r_data_pe_IBUF[106]_inst (IBUF) is not placed
ERROR: [Place 30-68] Instance r_data_pe_IBUF[1070]_inst (IBUF) is not placed
ERROR: [Place 30-68] Instance r_data_pe_IBUF[1071]_inst (IBUF) is not placed
ERROR: [Place 30-68] Instance r_data_pe_IBUF[1072]_inst (IBUF) is not placed
ERROR: [Place 30-68] Instance r_data_pe_IBUF[1073]_inst (IBUF) is not placed
ERROR: [Place 30-68] Instance r_data_pe_IBUF[1074]_inst (IBUF) is not placed
ERROR: [Place 30-68] Instance r_data_pe_IBUF[1075]_inst (IBUF) is not placed
ERROR: [Place 30-68] Instance r_data_pe_IBUF[1076]_inst (IBUF) is not placed
ERROR: [Place 30-68] Instance r_data_pe_IBUF[1077]_inst (IBUF) is not placed
ERROR: [Place 30-68] Instance r_data_pe_IBUF[1078]_inst (IBUF) is not placed
ERROR: [Place 30-68] Instance r_data_pe_IBUF[1079]_inst (IBUF) is not placed
ERROR: [Place 30-68] Instance r_data_pe_IBUF[107]_inst (IBUF) is not placed
ERROR: [Place 30-68] Instance r_data_pe_IBUF[1080]_inst (IBUF) is not placed
ERROR: [Place 30-68] Instance r_data_pe_IBUF[1081]_inst (IBUF) is not placed
ERROR: [Place 30-68] Instance r_data_pe_IBUF[1082]_inst (IBUF) is not placed
ERROR: [Place 30-68] Instance r_data_pe_IBUF[1083]_inst (IBUF) is not placed
ERROR: [Place 30-68] Instance r_data_pe_IBUF[1084]_inst (IBUF) is not placed
ERROR: [Place 30-68] Instance r_data_pe_IBUF[1085]_inst (IBUF) is not placed
ERROR: [Place 30-68] Instance r_data_pe_IBUF[1086]_inst (IBUF) is not placed
ERROR: [Place 30-68] Instance r_data_pe_IBUF[1087]_inst (IBUF) is not placed
ERROR: [Place 30-68] Instance r_data_pe_IBUF[1088]_inst (IBUF) is not placed
INFO: [Common 17-14] Message 'Place 30-68' appears 100 times and further instances of the messages will be disabled. Use the Tcl command set_msg_config to change the current settings.
Phase 1.1.2 IO and Clk Clean Up | Checksum: 00000000

Time (s): cpu = 00:00:41 ; elapsed = 00:00:36 . Memory (MB): peak = 1475.586 ; gain = 56.117
Phase 1.1 IO Placement/ Clock Placement/ Build Placer Device | Checksum: 4900d336

Time (s): cpu = 00:00:41 ; elapsed = 00:00:36 . Memory (MB): peak = 1475.586 ; gain = 56.117
Phase 1 Placer Initialization | Checksum: 4900d336

Time (s): cpu = 00:00:41 ; elapsed = 00:00:36 . Memory (MB): peak = 1475.586 ; gain = 56.117
ERROR: [Place 30-99] Placer failed with error: 'IO Clock Placer failed'
Please review all ERROR, CRITICAL WARNING, and WARNING messages during placement to understand the cause for failure.
Ending Placer Task | Checksum: 4900d336

Time (s): cpu = 00:00:41 ; elapsed = 00:00:36 . Memory (MB): peak = 1475.586 ; gain = 56.117
INFO: [Common 17-83] Releasing license: Implementation
34 Infos, 0 Warnings, 0 Critical Warnings and 103 Errors encountered.
place_design failed
ERROR: [Common 17-69] Command failed: Placer could not place all instances
INFO: [Common 17-206] Exiting Vivado at Tue Aug 22 02:14:36 2017...
