Vivado Simulator 2015.4
Copyright 1986-1999, 2001-2015 Xilinx, Inc. All Rights Reserved.
Running: C:/Xilinx/Vivado/2015.4/bin/unwrapped/win64.o/xelab.exe -wto 6c07c30891e64cfabd8bfaf5d31acc7a --debug typical --relax --mt 2 -L axis_infrastructure_v1_1_0 -L fifo_generator_v13_0_1 -L axis_data_fifo_v1_1_8 -L xil_defaultlib -L unisims_ver -L unimacro_ver -L secureip --snapshot rd_image_behav xil_defaultlib.rd_image xil_defaultlib.glbl -log elaborate.log 
Using 2 slave threads.
Starting static elaboration
WARNING: [VRFC 10-278] actual bit length 265 differs from formal bit length 272 for port s_axis_tdata [D:/mygit/NocProject/hw/Vivado/project_noc.srcs/sources_1/imports/NOC project/nbyn_pe.v:87]
WARNING: [VRFC 10-278] actual bit length 265 differs from formal bit length 272 for port m_axis_tdata [D:/mygit/NocProject/hw/Vivado/project_noc.srcs/sources_1/imports/NOC project/nbyn_pe.v:90]
Completed static elaboration
Starting simulation data flow analysis
WARNING: [XSIM 43-4099] "D:/mygit/NocProject/hw/Vivado/project_noc.srcs/sources_1/imports/NOC project/nbyn_full.v" Line 4. Module nbyn_full_default doesn't have a timescale but at least one module in design has a timescale.
WARNING: [XSIM 43-4099] "D:/mygit/NocProject/hw/Vivado/project_noc.srcs/sources_1/imports/NOC project/nbyn_block.v" Line 1. Module nbyn_block_main(x_coord=0,y_coord=0) doesn't have a timescale but at least one module in design has a timescale.
WARNING: [XSIM 43-4099] "D:/mygit/NocProject/hw/Vivado/project_noc.srcs/sources_1/imports/NOC project/nbyn_switch.v" Line 1. Module nbyn(x_coord=0,y_coord=0) doesn't have a timescale but at least one module in design has a timescale.
WARNING: [XSIM 43-4099] "D:/mygit/NocProject/hw/Vivado/project_noc.srcs/sources_1/imports/NOC project/nbyn_pe.v" Line 1. Module nbyn_pe_main doesn't have a timescale but at least one module in design has a timescale.
WARNING: [XSIM 43-4099] "D:/mygit/NocProject/hw/Vivado/project_noc.srcs/sources_1/imports/NOC project/nbyn_scheduler.v" Line 1. Module scheduler_noc doesn't have a timescale but at least one module in design has a timescale.
WARNING: [XSIM 43-4099] "D:/mygit/NocProject/hw/Vivado/project_noc.srcs/sources_1/imports/NOC project/nbyn_block_2.v" Line 1. Module nbyn_block(x_coord=0,y_coord=1) doesn't have a timescale but at least one module in design has a timescale.
WARNING: [XSIM 43-4099] "D:/mygit/NocProject/hw/Vivado/project_noc.srcs/sources_1/imports/NOC project/nbyn_switch.v" Line 1. Module nbyn(x_coord=0,y_coord=1) doesn't have a timescale but at least one module in design has a timescale.
WARNING: [XSIM 43-4099] "D:/mygit/NocProject/hw/Vivado/project_noc.srcs/sources_1/imports/NOC project/nbyn_pe_2.v" Line 1. Module nbyn_pe doesn't have a timescale but at least one module in design has a timescale.
WARNING: [XSIM 43-4099] "D:/mygit/NocProject/hw/Vivado/project_noc.srcs/sources_1/imports/NOC project/nbyn_block_2.v" Line 1. Module nbyn_block(x_coord=0,y_coord=2) doesn't have a timescale but at least one module in design has a timescale.
WARNING: [XSIM 43-4099] "D:/mygit/NocProject/hw/Vivado/project_noc.srcs/sources_1/imports/NOC project/nbyn_switch.v" Line 1. Module nbyn(x_coord=0,y_coord=2) doesn't have a timescale but at least one module in design has a timescale.
WARNING: [XSIM 43-4099] "D:/mygit/NocProject/hw/Vivado/project_noc.srcs/sources_1/imports/NOC project/nbyn_pe_2.v" Line 1. Module nbyn_pe doesn't have a timescale but at least one module in design has a timescale.
WARNING: [XSIM 43-4099] "D:/mygit/NocProject/hw/Vivado/project_noc.srcs/sources_1/imports/NOC project/nbyn_block_2.v" Line 1. Module nbyn_block(x_coord=0,y_coord=3) doesn't have a timescale but at least one module in design has a timescale.
WARNING: [XSIM 43-4099] "D:/mygit/NocProject/hw/Vivado/project_noc.srcs/sources_1/imports/NOC project/nbyn_switch.v" Line 1. Module nbyn(x_coord=0,y_coord=3) doesn't have a timescale but at least one module in design has a timescale.
WARNING: [XSIM 43-4099] "D:/mygit/NocProject/hw/Vivado/project_noc.srcs/sources_1/imports/NOC project/nbyn_pe_2.v" Line 1. Module nbyn_pe doesn't have a timescale but at least one module in design has a timescale.
WARNING: [XSIM 43-4099] "D:/mygit/NocProject/hw/Vivado/project_noc.srcs/sources_1/imports/NOC project/nbyn_block_2.v" Line 1. Module nbyn_block(x_coord=1,y_coord=0) doesn't have a timescale but at least one module in design has a timescale.
WARNING: [XSIM 43-4099] "D:/mygit/NocProject/hw/Vivado/project_noc.srcs/sources_1/imports/NOC project/nbyn_switch.v" Line 1. Module nbyn(x_coord=1,y_coord=0) doesn't have a timescale but at least one module in design has a timescale.
WARNING: [XSIM 43-4099] "D:/mygit/NocProject/hw/Vivado/project_noc.srcs/sources_1/imports/NOC project/nbyn_pe_2.v" Line 1. Module nbyn_pe doesn't have a timescale but at least one module in design has a timescale.
WARNING: [XSIM 43-4099] "D:/mygit/NocProject/hw/Vivado/project_noc.srcs/sources_1/imports/NOC project/nbyn_block_2.v" Line 1. Module nbyn_block(x_coord=1,y_coord=1) doesn't have a timescale but at least one module in design has a timescale.
WARNING: [XSIM 43-4099] "D:/mygit/NocProject/hw/Vivado/project_noc.srcs/sources_1/imports/NOC project/nbyn_switch.v" Line 1. Module nbyn(x_coord=1,y_coord=1) doesn't have a timescale but at least one module in design has a timescale.
WARNING: [XSIM 43-4099] "D:/mygit/NocProject/hw/Vivado/project_noc.srcs/sources_1/imports/NOC project/nbyn_pe_2.v" Line 1. Module nbyn_pe doesn't have a timescale but at least one module in design has a timescale.
WARNING: [XSIM 43-4099] "D:/mygit/NocProject/hw/Vivado/project_noc.srcs/sources_1/imports/NOC project/nbyn_block_2.v" Line 1. Module nbyn_block(x_coord=1,y_coord=2) doesn't have a timescale but at least one module in design has a timescale.
WARNING: [XSIM 43-4099] "D:/mygit/NocProject/hw/Vivado/project_noc.srcs/sources_1/imports/NOC project/nbyn_switch.v" Line 1. Module nbyn(x_coord=1,y_coord=2) doesn't have a timescale but at least one module in design has a timescale.
WARNING: [XSIM 43-4099] "D:/mygit/NocProject/hw/Vivado/project_noc.srcs/sources_1/imports/NOC project/nbyn_pe_2.v" Line 1. Module nbyn_pe doesn't have a timescale but at least one module in design has a timescale.
WARNING: [XSIM 43-4099] "D:/mygit/NocProject/hw/Vivado/project_noc.srcs/sources_1/imports/NOC project/nbyn_block_2.v" Line 1. Module nbyn_block(x_coord=1,y_coord=3) doesn't have a timescale but at least one module in design has a timescale.
WARNING: [XSIM 43-4099] "D:/mygit/NocProject/hw/Vivado/project_noc.srcs/sources_1/imports/NOC project/nbyn_switch.v" Line 1. Module nbyn(x_coord=1,y_coord=3) doesn't have a timescale but at least one module in design has a timescale.
WARNING: [XSIM 43-4099] "D:/mygit/NocProject/hw/Vivado/project_noc.srcs/sources_1/imports/NOC project/nbyn_pe_2.v" Line 1. Module nbyn_pe doesn't have a timescale but at least one module in design has a timescale.
WARNING: [XSIM 43-4099] "D:/mygit/NocProject/hw/Vivado/project_noc.srcs/sources_1/imports/NOC project/nbyn_block_2.v" Line 1. Module nbyn_block(x_coord=2,y_coord=0) doesn't have a timescale but at least one module in design has a timescale.
WARNING: [XSIM 43-4099] "D:/mygit/NocProject/hw/Vivado/project_noc.srcs/sources_1/imports/NOC project/nbyn_switch.v" Line 1. Module nbyn(x_coord=2,y_coord=0) doesn't have a timescale but at least one module in design has a timescale.
WARNING: [XSIM 43-4099] "D:/mygit/NocProject/hw/Vivado/project_noc.srcs/sources_1/imports/NOC project/nbyn_pe_2.v" Line 1. Module nbyn_pe doesn't have a timescale but at least one module in design has a timescale.
WARNING: [XSIM 43-4099] "D:/mygit/NocProject/hw/Vivado/project_noc.srcs/sources_1/imports/NOC project/nbyn_block_2.v" Line 1. Module nbyn_block(x_coord=2,y_coord=1) doesn't have a timescale but at least one module in design has a timescale.
WARNING: [XSIM 43-4099] "D:/mygit/NocProject/hw/Vivado/project_noc.srcs/sources_1/imports/NOC project/nbyn_switch.v" Line 1. Module nbyn(x_coord=2,y_coord=1) doesn't have a timescale but at least one module in design has a timescale.
WARNING: [XSIM 43-4099] "D:/mygit/NocProject/hw/Vivado/project_noc.srcs/sources_1/imports/NOC project/nbyn_pe_2.v" Line 1. Module nbyn_pe doesn't have a timescale but at least one module in design has a timescale.
WARNING: [XSIM 43-4099] "D:/mygit/NocProject/hw/Vivado/project_noc.srcs/sources_1/imports/NOC project/nbyn_block_2.v" Line 1. Module nbyn_block(x_coord=2,y_coord=2) doesn't have a timescale but at least one module in design has a timescale.
WARNING: [XSIM 43-4099] "D:/mygit/NocProject/hw/Vivado/project_noc.srcs/sources_1/imports/NOC project/nbyn_switch.v" Line 1. Module nbyn(x_coord=2,y_coord=2) doesn't have a timescale but at least one module in design has a timescale.
WARNING: [XSIM 43-4099] "D:/mygit/NocProject/hw/Vivado/project_noc.srcs/sources_1/imports/NOC project/nbyn_pe_2.v" Line 1. Module nbyn_pe doesn't have a timescale but at least one module in design has a timescale.
WARNING: [XSIM 43-4099] "D:/mygit/NocProject/hw/Vivado/project_noc.srcs/sources_1/imports/NOC project/nbyn_block_2.v" Line 1. Module nbyn_block(x_coord=2,y_coord=3) doesn't have a timescale but at least one module in design has a timescale.
WARNING: [XSIM 43-4099] "D:/mygit/NocProject/hw/Vivado/project_noc.srcs/sources_1/imports/NOC project/nbyn_switch.v" Line 1. Module nbyn(x_coord=2,y_coord=3) doesn't have a timescale but at least one module in design has a timescale.
WARNING: [XSIM 43-4099] "D:/mygit/NocProject/hw/Vivado/project_noc.srcs/sources_1/imports/NOC project/nbyn_pe_2.v" Line 1. Module nbyn_pe doesn't have a timescale but at least one module in design has a timescale.
WARNING: [XSIM 43-4099] "D:/mygit/NocProject/hw/Vivado/project_noc.srcs/sources_1/imports/NOC project/nbyn_block_2.v" Line 1. Module nbyn_block(x_coord=3,y_coord=0) doesn't have a timescale but at least one module in design has a timescale.
WARNING: [XSIM 43-4099] "D:/mygit/NocProject/hw/Vivado/project_noc.srcs/sources_1/imports/NOC project/nbyn_switch.v" Line 1. Module nbyn(x_coord=3,y_coord=0) doesn't have a timescale but at least one module in design has a timescale.
WARNING: [XSIM 43-4099] "D:/mygit/NocProject/hw/Vivado/project_noc.srcs/sources_1/imports/NOC project/nbyn_pe_2.v" Line 1. Module nbyn_pe doesn't have a timescale but at least one module in design has a timescale.
WARNING: [XSIM 43-4099] "D:/mygit/NocProject/hw/Vivado/project_noc.srcs/sources_1/imports/NOC project/nbyn_block_2.v" Line 1. Module nbyn_block(x_coord=3,y_coord=1) doesn't have a timescale but at least one module in design has a timescale.
WARNING: [XSIM 43-4099] "D:/mygit/NocProject/hw/Vivado/project_noc.srcs/sources_1/imports/NOC project/nbyn_switch.v" Line 1. Module nbyn(x_coord=3,y_coord=1) doesn't have a timescale but at least one module in design has a timescale.
WARNING: [XSIM 43-4099] "D:/mygit/NocProject/hw/Vivado/project_noc.srcs/sources_1/imports/NOC project/nbyn_pe_2.v" Line 1. Module nbyn_pe doesn't have a timescale but at least one module in design has a timescale.
WARNING: [XSIM 43-4099] "D:/mygit/NocProject/hw/Vivado/project_noc.srcs/sources_1/imports/NOC project/nbyn_block_2.v" Line 1. Module nbyn_block(x_coord=3,y_coord=2) doesn't have a timescale but at least one module in design has a timescale.
WARNING: [XSIM 43-4099] "D:/mygit/NocProject/hw/Vivado/project_noc.srcs/sources_1/imports/NOC project/nbyn_switch.v" Line 1. Module nbyn(x_coord=3,y_coord=2) doesn't have a timescale but at least one module in design has a timescale.
WARNING: [XSIM 43-4099] "D:/mygit/NocProject/hw/Vivado/project_noc.srcs/sources_1/imports/NOC project/nbyn_pe_2.v" Line 1. Module nbyn_pe doesn't have a timescale but at least one module in design has a timescale.
WARNING: [XSIM 43-4099] "D:/mygit/NocProject/hw/Vivado/project_noc.srcs/sources_1/imports/NOC project/nbyn_block_2.v" Line 1. Module nbyn_block(x_coord=3,y_coord=3) doesn't have a timescale but at least one module in design has a timescale.
WARNING: [XSIM 43-4099] "D:/mygit/NocProject/hw/Vivado/project_noc.srcs/sources_1/imports/NOC project/nbyn_switch.v" Line 1. Module nbyn(x_coord=3,y_coord=3) doesn't have a timescale but at least one module in design has a timescale.
WARNING: [XSIM 43-4099] "D:/mygit/NocProject/hw/Vivado/project_noc.srcs/sources_1/imports/NOC project/nbyn_pe_2.v" Line 1. Module nbyn_pe doesn't have a timescale but at least one module in design has a timescale.
WARNING: [XSIM 43-4099] "D:/mygit/NocProject/hw/Vivado/project_noc.srcs/sources_1/imports/NOC project/nbyn_full.v" Line 4. Module nbyn_full_default doesn't have a timescale but at least one module in design has a timescale.
WARNING: [XSIM 43-4099] "D:/mygit/NocProject/hw/Vivado/project_noc.srcs/sources_1/imports/NOC project/nbyn_block.v" Line 1. Module nbyn_block_main(x_coord=0,y_coord=0) doesn't have a timescale but at least one module in design has a timescale.
WARNING: [XSIM 43-4099] "D:/mygit/NocProject/hw/Vivado/project_noc.srcs/sources_1/imports/NOC project/nbyn_switch.v" Line 1. Module nbyn(x_coord=0,y_coord=0) doesn't have a timescale but at least one module in design has a timescale.
WARNING: [XSIM 43-4099] "D:/mygit/NocProject/hw/Vivado/project_noc.srcs/sources_1/imports/NOC project/nbyn_pe.v" Line 1. Module nbyn_pe_main doesn't have a timescale but at least one module in design has a timescale.
WARNING: [XSIM 43-4099] "D:/mygit/NocProject/hw/Vivado/project_noc.srcs/sources_1/imports/NOC project/nbyn_scheduler.v" Line 1. Module scheduler_noc doesn't have a timescale but at least one module in design has a timescale.
WARNING: [XSIM 43-4099] "D:/mygit/NocProject/hw/Vivado/project_noc.srcs/sources_1/imports/NOC project/nbyn_block_2.v" Line 1. Module nbyn_block(x_coord=0,y_coord=1) doesn't have a timescale but at least one module in design has a timescale.
WARNING: [XSIM 43-4099] "D:/mygit/NocProject/hw/Vivado/project_noc.srcs/sources_1/imports/NOC project/nbyn_switch.v" Line 1. Module nbyn(x_coord=0,y_coord=1) doesn't have a timescale but at least one module in design has a timescale.
WARNING: [XSIM 43-4099] "D:/mygit/NocProject/hw/Vivado/project_noc.srcs/sources_1/imports/NOC project/nbyn_pe_2.v" Line 1. Module nbyn_pe doesn't have a timescale but at least one module in design has a timescale.
WARNING: [XSIM 43-4099] "D:/mygit/NocProject/hw/Vivado/project_noc.srcs/sources_1/imports/NOC project/nbyn_block_2.v" Line 1. Module nbyn_block(x_coord=0,y_coord=2) doesn't have a timescale but at least one module in design has a timescale.
WARNING: [XSIM 43-4099] "D:/mygit/NocProject/hw/Vivado/project_noc.srcs/sources_1/imports/NOC project/nbyn_switch.v" Line 1. Module nbyn(x_coord=0,y_coord=2) doesn't have a timescale but at least one module in design has a timescale.
WARNING: [XSIM 43-4099] "D:/mygit/NocProject/hw/Vivado/project_noc.srcs/sources_1/imports/NOC project/nbyn_pe_2.v" Line 1. Module nbyn_pe doesn't have a timescale but at least one module in design has a timescale.
WARNING: [XSIM 43-4099] "D:/mygit/NocProject/hw/Vivado/project_noc.srcs/sources_1/imports/NOC project/nbyn_block_2.v" Line 1. Module nbyn_block(x_coord=0,y_coord=3) doesn't have a timescale but at least one module in design has a timescale.
WARNING: [XSIM 43-4099] "D:/mygit/NocProject/hw/Vivado/project_noc.srcs/sources_1/imports/NOC project/nbyn_switch.v" Line 1. Module nbyn(x_coord=0,y_coord=3) doesn't have a timescale but at least one module in design has a timescale.
WARNING: [XSIM 43-4099] "D:/mygit/NocProject/hw/Vivado/project_noc.srcs/sources_1/imports/NOC project/nbyn_pe_2.v" Line 1. Module nbyn_pe doesn't have a timescale but at least one module in design has a timescale.
WARNING: [XSIM 43-4099] "D:/mygit/NocProject/hw/Vivado/project_noc.srcs/sources_1/imports/NOC project/nbyn_block_2.v" Line 1. Module nbyn_block(x_coord=1,y_coord=0) doesn't have a timescale but at least one module in design has a timescale.
WARNING: [XSIM 43-4099] "D:/mygit/NocProject/hw/Vivado/project_noc.srcs/sources_1/imports/NOC project/nbyn_switch.v" Line 1. Module nbyn(x_coord=1,y_coord=0) doesn't have a timescale but at least one module in design has a timescale.
WARNING: [XSIM 43-4099] "D:/mygit/NocProject/hw/Vivado/project_noc.srcs/sources_1/imports/NOC project/nbyn_pe_2.v" Line 1. Module nbyn_pe doesn't have a timescale but at least one module in design has a timescale.
WARNING: [XSIM 43-4099] "D:/mygit/NocProject/hw/Vivado/project_noc.srcs/sources_1/imports/NOC project/nbyn_block_2.v" Line 1. Module nbyn_block(x_coord=1,y_coord=1) doesn't have a timescale but at least one module in design has a timescale.
WARNING: [XSIM 43-4099] "D:/mygit/NocProject/hw/Vivado/project_noc.srcs/sources_1/imports/NOC project/nbyn_switch.v" Line 1. Module nbyn(x_coord=1,y_coord=1) doesn't have a timescale but at least one module in design has a timescale.
WARNING: [XSIM 43-4099] "D:/mygit/NocProject/hw/Vivado/project_noc.srcs/sources_1/imports/NOC project/nbyn_pe_2.v" Line 1. Module nbyn_pe doesn't have a timescale but at least one module in design has a timescale.
WARNING: [XSIM 43-4099] "D:/mygit/NocProject/hw/Vivado/project_noc.srcs/sources_1/imports/NOC project/nbyn_block_2.v" Line 1. Module nbyn_block(x_coord=1,y_coord=2) doesn't have a timescale but at least one module in design has a timescale.
WARNING: [XSIM 43-4099] "D:/mygit/NocProject/hw/Vivado/project_noc.srcs/sources_1/imports/NOC project/nbyn_switch.v" Line 1. Module nbyn(x_coord=1,y_coord=2) doesn't have a timescale but at least one module in design has a timescale.
WARNING: [XSIM 43-4099] "D:/mygit/NocProject/hw/Vivado/project_noc.srcs/sources_1/imports/NOC project/nbyn_pe_2.v" Line 1. Module nbyn_pe doesn't have a timescale but at least one module in design has a timescale.
WARNING: [XSIM 43-4099] "D:/mygit/NocProject/hw/Vivado/project_noc.srcs/sources_1/imports/NOC project/nbyn_block_2.v" Line 1. Module nbyn_block(x_coord=1,y_coord=3) doesn't have a timescale but at least one module in design has a timescale.
WARNING: [XSIM 43-4099] "D:/mygit/NocProject/hw/Vivado/project_noc.srcs/sources_1/imports/NOC project/nbyn_switch.v" Line 1. Module nbyn(x_coord=1,y_coord=3) doesn't have a timescale but at least one module in design has a timescale.
WARNING: [XSIM 43-4099] "D:/mygit/NocProject/hw/Vivado/project_noc.srcs/sources_1/imports/NOC project/nbyn_pe_2.v" Line 1. Module nbyn_pe doesn't have a timescale but at least one module in design has a timescale.
WARNING: [XSIM 43-4099] "D:/mygit/NocProject/hw/Vivado/project_noc.srcs/sources_1/imports/NOC project/nbyn_block_2.v" Line 1. Module nbyn_block(x_coord=2,y_coord=0) doesn't have a timescale but at least one module in design has a timescale.
WARNING: [XSIM 43-4099] "D:/mygit/NocProject/hw/Vivado/project_noc.srcs/sources_1/imports/NOC project/nbyn_switch.v" Line 1. Module nbyn(x_coord=2,y_coord=0) doesn't have a timescale but at least one module in design has a timescale.
WARNING: [XSIM 43-4099] "D:/mygit/NocProject/hw/Vivado/project_noc.srcs/sources_1/imports/NOC project/nbyn_pe_2.v" Line 1. Module nbyn_pe doesn't have a timescale but at least one module in design has a timescale.
WARNING: [XSIM 43-4099] "D:/mygit/NocProject/hw/Vivado/project_noc.srcs/sources_1/imports/NOC project/nbyn_block_2.v" Line 1. Module nbyn_block(x_coord=2,y_coord=1) doesn't have a timescale but at least one module in design has a timescale.
WARNING: [XSIM 43-4099] "D:/mygit/NocProject/hw/Vivado/project_noc.srcs/sources_1/imports/NOC project/nbyn_switch.v" Line 1. Module nbyn(x_coord=2,y_coord=1) doesn't have a timescale but at least one module in design has a timescale.
WARNING: [XSIM 43-4099] "D:/mygit/NocProject/hw/Vivado/project_noc.srcs/sources_1/imports/NOC project/nbyn_pe_2.v" Line 1. Module nbyn_pe doesn't have a timescale but at least one module in design has a timescale.
WARNING: [XSIM 43-4099] "D:/mygit/NocProject/hw/Vivado/project_noc.srcs/sources_1/imports/NOC project/nbyn_block_2.v" Line 1. Module nbyn_block(x_coord=2,y_coord=2) doesn't have a timescale but at least one module in design has a timescale.
WARNING: [XSIM 43-4099] "D:/mygit/NocProject/hw/Vivado/project_noc.srcs/sources_1/imports/NOC project/nbyn_switch.v" Line 1. Module nbyn(x_coord=2,y_coord=2) doesn't have a timescale but at least one module in design has a timescale.
WARNING: [XSIM 43-4099] "D:/mygit/NocProject/hw/Vivado/project_noc.srcs/sources_1/imports/NOC project/nbyn_pe_2.v" Line 1. Module nbyn_pe doesn't have a timescale but at least one module in design has a timescale.
WARNING: [XSIM 43-4099] "D:/mygit/NocProject/hw/Vivado/project_noc.srcs/sources_1/imports/NOC project/nbyn_block_2.v" Line 1. Module nbyn_block(x_coord=2,y_coord=3) doesn't have a timescale but at least one module in design has a timescale.
WARNING: [XSIM 43-4099] "D:/mygit/NocProject/hw/Vivado/project_noc.srcs/sources_1/imports/NOC project/nbyn_switch.v" Line 1. Module nbyn(x_coord=2,y_coord=3) doesn't have a timescale but at least one module in design has a timescale.
WARNING: [XSIM 43-4099] "D:/mygit/NocProject/hw/Vivado/project_noc.srcs/sources_1/imports/NOC project/nbyn_pe_2.v" Line 1. Module nbyn_pe doesn't have a timescale but at least one module in design has a timescale.
WARNING: [XSIM 43-4099] "D:/mygit/NocProject/hw/Vivado/project_noc.srcs/sources_1/imports/NOC project/nbyn_block_2.v" Line 1. Module nbyn_block(x_coord=3,y_coord=0) doesn't have a timescale but at least one module in design has a timescale.
WARNING: [XSIM 43-4099] "D:/mygit/NocProject/hw/Vivado/project_noc.srcs/sources_1/imports/NOC project/nbyn_switch.v" Line 1. Module nbyn(x_coord=3,y_coord=0) doesn't have a timescale but at least one module in design has a timescale.
WARNING: [XSIM 43-4099] "D:/mygit/NocProject/hw/Vivado/project_noc.srcs/sources_1/imports/NOC project/nbyn_pe_2.v" Line 1. Module nbyn_pe doesn't have a timescale but at least one module in design has a timescale.
WARNING: [XSIM 43-4099] "D:/mygit/NocProject/hw/Vivado/project_noc.srcs/sources_1/imports/NOC project/nbyn_block_2.v" Line 1. Module nbyn_block(x_coord=3,y_coord=1) doesn't have a timescale but at least one module in design has a timescale.
WARNING: [XSIM 43-4099] "D:/mygit/NocProject/hw/Vivado/project_noc.srcs/sources_1/imports/NOC project/nbyn_switch.v" Line 1. Module nbyn(x_coord=3,y_coord=1) doesn't have a timescale but at least one module in design has a timescale.
WARNING: [XSIM 43-4099] "D:/mygit/NocProject/hw/Vivado/project_noc.srcs/sources_1/imports/NOC project/nbyn_pe_2.v" Line 1. Module nbyn_pe doesn't have a timescale but at least one module in design has a timescale.
WARNING: [XSIM 43-4099] "D:/mygit/NocProject/hw/Vivado/project_noc.srcs/sources_1/imports/NOC project/nbyn_block_2.v" Line 1. Module nbyn_block(x_coord=3,y_coord=2) doesn't have a timescale but at least one module in design has a timescale.
WARNING: [XSIM 43-4099] "D:/mygit/NocProject/hw/Vivado/project_noc.srcs/sources_1/imports/NOC project/nbyn_switch.v" Line 1. Module nbyn(x_coord=3,y_coord=2) doesn't have a timescale but at least one module in design has a timescale.
WARNING: [XSIM 43-4099] "D:/mygit/NocProject/hw/Vivado/project_noc.srcs/sources_1/imports/NOC project/nbyn_pe_2.v" Line 1. Module nbyn_pe doesn't have a timescale but at least one module in design has a timescale.
WARNING: [XSIM 43-4099] "D:/mygit/NocProject/hw/Vivado/project_noc.srcs/sources_1/imports/NOC project/nbyn_block_2.v" Line 1. Module nbyn_block(x_coord=3,y_coord=3) doesn't have a timescale but at least one module in design has a timescale.
WARNING: [XSIM 43-4099] "D:/mygit/NocProject/hw/Vivado/project_noc.srcs/sources_1/imports/NOC project/nbyn_switch.v" Line 1. Module nbyn(x_coord=3,y_coord=3) doesn't have a timescale but at least one module in design has a timescale.
WARNING: [XSIM 43-4099] "D:/mygit/NocProject/hw/Vivado/project_noc.srcs/sources_1/imports/NOC project/nbyn_pe_2.v" Line 1. Module nbyn_pe doesn't have a timescale but at least one module in design has a timescale.
Completed simulation data flow analysis
Time Resolution for simulation is 1ps
Compiling package std.standard
Compiling package ieee.std_logic_1164
Compiling package synopsys.attributes
Compiling package ieee.std_logic_misc
Compiling package ieee.std_logic_arith
Compiling package ieee.std_logic_unsigned
Compiling module xil_defaultlib.nbyn(x_coord=0,y_coord=0)
Compiling module axis_infrastructure_v1_1_0.axis_infrastructure_v1_1_0_util_...
Compiling module axis_infrastructure_v1_1_0.axis_infrastructure_v1_1_0_util_...
Compiling module axis_infrastructure_v1_1_0.axis_infrastructure_v1_1_0_util_...
Compiling architecture behavioral of entity fifo_generator_v13_0_1.fifo_generator_v13_0_1_bhv_ss [\fifo_generator_v13_0_1_bhv_ss("...]
Compiling architecture behavioral of entity fifo_generator_v13_0_1.fifo_generator_v13_0_1_bhv_preload0 [\fifo_generator_v13_0_1_bhv_prel...]
Compiling architecture behavioral of entity fifo_generator_v13_0_1.fifo_generator_v13_0_1_conv [\fifo_generator_v13_0_1_conv(1,1...]
Compiling architecture behavioral of entity fifo_generator_v13_0_1.fifo_generator_vhdl_beh [\fifo_generator_vhdl_beh(1,0,10,...]
Compiling architecture xilinx of entity fifo_generator_v13_0_1.fifo_generator_v13_0_1 [\fifo_generator_v13_0_1(1,0,10,"...]
Compiling module axis_infrastructure_v1_1_0.axis_infrastructure_v1_1_0_util_...
Compiling module axis_data_fifo_v1_1_8.axis_data_fifo_v1_1_8_axis_data_...
Compiling module xil_defaultlib.myFifo
Compiling module xil_defaultlib.scheduler_noc
Compiling module xil_defaultlib.nbyn_pe_main
Compiling module xil_defaultlib.nbyn_block_main(x_coord=0,y_coor...
Compiling module xil_defaultlib.nbyn(x_coord=0,y_coord=1)
Compiling module xil_defaultlib.nbyn_pe
Compiling module xil_defaultlib.nbyn_block(x_coord=0,y_coord=1)
Compiling module xil_defaultlib.nbyn(x_coord=0,y_coord=2)
Compiling module xil_defaultlib.nbyn_block(x_coord=0,y_coord=2)
Compiling module xil_defaultlib.nbyn(x_coord=0,y_coord=3)
Compiling module xil_defaultlib.nbyn_block(x_coord=0,y_coord=3)
Compiling module xil_defaultlib.nbyn(x_coord=1,y_coord=0)
Compiling module xil_defaultlib.nbyn_block(x_coord=1,y_coord=0)
Compiling module xil_defaultlib.nbyn(x_coord=1,y_coord=1)
Compiling module xil_defaultlib.nbyn_block(x_coord=1,y_coord=1)
Compiling module xil_defaultlib.nbyn(x_coord=1,y_coord=2)
Compiling module xil_defaultlib.nbyn_block(x_coord=1,y_coord=2)
Compiling module xil_defaultlib.nbyn(x_coord=1,y_coord=3)
Compiling module xil_defaultlib.nbyn_block(x_coord=1,y_coord=3)
Compiling module xil_defaultlib.nbyn(x_coord=2,y_coord=0)
Compiling module xil_defaultlib.nbyn_block(x_coord=2,y_coord=0)
Compiling module xil_defaultlib.nbyn(x_coord=2,y_coord=1)
Compiling module xil_defaultlib.nbyn_block(x_coord=2,y_coord=1)
Compiling module xil_defaultlib.nbyn(x_coord=2,y_coord=2)
Compiling module xil_defaultlib.nbyn_block(x_coord=2,y_coord=2)
Compiling module xil_defaultlib.nbyn(x_coord=2,y_coord=3)
Compiling module xil_defaultlib.nbyn_block(x_coord=2,y_coord=3)
Compiling module xil_defaultlib.nbyn(x_coord=3,y_coord=0)
Compiling module xil_defaultlib.nbyn_block(x_coord=3,y_coord=0)
Compiling module xil_defaultlib.nbyn(x_coord=3,y_coord=1)
Compiling module xil_defaultlib.nbyn_block(x_coord=3,y_coord=1)
Compiling module xil_defaultlib.nbyn(x_coord=3,y_coord=2)
Compiling module xil_defaultlib.nbyn_block(x_coord=3,y_coord=2)
Compiling module xil_defaultlib.nbyn(x_coord=3,y_coord=3)
Compiling module xil_defaultlib.nbyn_block(x_coord=3,y_coord=3)
Compiling module xil_defaultlib.nbyn_full_default
Compiling module xil_defaultlib.rd_image
Compiling module xil_defaultlib.glbl
Built simulation snapshot rd_image_behav
